#
# There is insufficient memory for the Java Runtime Environment to continue.
# Native memory allocation (mmap) failed to map 268435456 bytes for Failed to commit area from 0x0000000701e00000 to 0x0000000711e00000 of length 268435456.
# Possible reasons:
#   The system is out of physical RAM or swap space
#   The process is running with CompressedOops enabled, and the Java Heap may be blocking the growth of the native heap
# Possible solutions:
#   Reduce memory load on the system
#   Increase physical memory or swap space
#   Check if swap backing store is full
#   Decrease Java heap size (-Xmx/-Xms)
#   Decrease number of Java threads
#   Decrease Java thread stack sizes (-Xss)
#   Set larger code cache with -XX:ReservedCodeCacheSize=
# This output file may be truncated or incomplete.
#
#  Out of Memory Error (c:/BuildAgent/work/5ff2f6c26000d570/src/hotspot/os/windows/os_windows.cpp:3296), pid=21780, tid=9380
#
# JRE version:  (11.0.6+8) (build )
# Java VM: OpenJDK 64-Bit Server VM (11.0.6+8-b520.43, mixed mode, sharing, tiered, compressed oops, g1 gc, windows-amd64)
# No core dump will be written. Minidumps are not enabled by default on client versions of Windows
#

---------------  S U M M A R Y ------------

Command Line: com.intellij.util.ReadEnv C:\Users\daliMIKE\AppData\Local\Temp\intellij-cmd-env.1.tmp

Host: Intel(R) Core(TM) i7-3540M CPU @ 3.00GHz, 4 cores, 15G,  Windows 10 , 64 bit Build 18362 (10.0.18362.329)
Time: Sat Jul 11 22:12:21 2020 W. Central Africa Standard Time elapsed time: 0 seconds (0d 0h 0m 0s)

---------------  T H R E A D  ---------------

Current thread (0x000002dac88bb000):  JavaThread "Unknown thread" [_thread_in_vm, id=9380, stack(0x000000faf7100000,0x000000faf7200000)]

Stack: [0x000000faf7100000,0x000000faf7200000]
Native frames: (J=compiled Java code, j=interpreted, Vv=VM code, C=native code)
V  [jvm.dll+0x5de31a]
V  [jvm.dll+0x710ae5]
V  [jvm.dll+0x712005]
V  [jvm.dll+0x7126b3]
V  [jvm.dll+0x23e3a8]
V  [jvm.dll+0x5db814]
V  [jvm.dll+0x5d0a35]
V  [jvm.dll+0x2faeeb]
V  [jvm.dll+0x2fae5a]
V  [jvm.dll+0x2fad32]
V  [jvm.dll+0x2ffc06]
V  [jvm.dll+0x348483]
V  [jvm.dll+0x348b86]
V  [jvm.dll+0x348583]
V  [jvm.dll+0x2d57b8]
V  [jvm.dll+0x2d6957]
V  [jvm.dll+0x6ef8a7]
V  [jvm.dll+0x6f109c]
V  [jvm.dll+0x355a79]
V  [jvm.dll+0x6d49ee]
V  [jvm.dll+0x3bf0a3]
V  [jvm.dll+0x3c15c1]
C  [jli.dll+0x5363]
C  [ucrtbase.dll+0x20e72]
C  [KERNEL32.DLL+0x17bd4]
C  [ntdll.dll+0x6ced1]


---------------  P R O C E S S  ---------------

Threads class SMR info:
_java_thread_list=0x000002dac66c5910, length=0, elements={
}

Java Threads: ( => current thread )

Other Threads:
  0x000002dac88d5800 GCTaskThread "GC Thread#0" [stack: 0x000000faf7200000,0x000000faf7300000] [id=26632]
  0x000002dac8931800 ConcurrentGCThread "G1 Main Marker" [stack: 0x000000faf7300000,0x000000faf7400000] [id=27528]
  0x000002dac8932800 ConcurrentGCThread "G1 Conc#0" [stack: 0x000000faf7400000,0x000000faf7500000] [id=20444]

[error occurred during error reporting (printing all threads), id 0xc0000005, EXCEPTION_ACCESS_VIOLATION (0xc0000005) at pc=0x00007ffdb3a26027]

VM state:not at safepoint (not fully initialized)

VM Mutex/Monitor currently owned by a thread:  ([mutex/lock_event])
[0x000002dac88b7760] Heap_lock - owner thread: 0x000002dac88bb000

Heap address: 0x0000000701e00000, size: 4066 MB, Compressed Oops mode: Non-zero based: 0x0000000701e00000
Narrow klass base: 0x0000000000000000, Narrow klass shift: 0

GC Heap History (0 events):
No events

Deoptimization events (0 events):
No events

Classes redefined (0 events):
No events

Internal exceptions (0 events):
No events

Events (2 events):
Event: 0.047 Loaded shared library C:\Program Files\JetBrains\PyCharm 2019.3.4\jbr\bin\zip.dll
Event: 0.048 Loaded shared library C:\Program Files\JetBrains\PyCharm 2019.3.4\jbr\bin\jimage.dll


Dynamic libraries:
0x00007ff7dcea0000 - 0x00007ff7dceaa000 	C:\Program Files\JetBrains\PyCharm 2019.3.4\jbr\bin\java.exe
0x00007ffdf27e0000 - 0x00007ffdf29d0000 	C:\WINDOWS\SYSTEM32\ntdll.dll
0x00007ffdf2270000 - 0x00007ffdf2322000 	C:\WINDOWS\System32\KERNEL32.DLL
0x00007ffdf0170000 - 0x00007ffdf0413000 	C:\WINDOWS\System32\KERNELBASE.dll
0x00007ffdf07c0000 - 0x00007ffdf08ba000 	C:\WINDOWS\System32\ucrtbase.dll
0x00007ffdd06b0000 - 0x00007ffdd06c9000 	C:\Program Files\JetBrains\PyCharm 2019.3.4\jbr\bin\jli.dll
0x00007ffdf1cd0000 - 0x00007ffdf1e64000 	C:\WINDOWS\System32\USER32.dll
0x00007ffdf00a0000 - 0x00007ffdf00c1000 	C:\WINDOWS\System32\win32u.dll
0x00007ffdf0970000 - 0x00007ffdf0996000 	C:\WINDOWS\System32\GDI32.dll
0x00007ffdf0420000 - 0x00007ffdf05b4000 	C:\WINDOWS\System32\gdi32full.dll
0x00007ffdf00d0000 - 0x00007ffdf016e000 	C:\WINDOWS\System32\msvcp_win.dll
0x00007ffdcd130000 - 0x00007ffdcd147000 	C:\Program Files\JetBrains\PyCharm 2019.3.4\jbr\bin\VCRUNTIME140.dll
0x00007ffdeec60000 - 0x00007ffdeeee5000 	C:\WINDOWS\WinSxS\amd64_microsoft.windows.common-controls_6595b64144ccf1df_6.0.18362.720_none_e6beb5c51314836b\COMCTL32.dll
0x00007ffdf10c0000 - 0x00007ffdf115e000 	C:\WINDOWS\System32\msvcrt.dll
0x00007ffdf09c0000 - 0x00007ffdf0cf6000 	C:\WINDOWS\System32\combase.dll
0x00007ffdf1e70000 - 0x00007ffdf1f90000 	C:\WINDOWS\System32\RPCRT4.dll
0x00007ffdef880000 - 0x00007ffdef900000 	C:\WINDOWS\System32\bcryptPrimitives.dll
0x00007ffdf12a0000 - 0x00007ffdf12ce000 	C:\WINDOWS\System32\IMM32.DLL
0x00007ffdbc300000 - 0x00007ffdbc39d000 	C:\Program Files\JetBrains\PyCharm 2019.3.4\jbr\bin\msvcp140.dll
0x00007ffdb3740000 - 0x00007ffdb41fd000 	C:\Program Files\JetBrains\PyCharm 2019.3.4\jbr\bin\server\jvm.dll
0x00007ffdf19c0000 - 0x00007ffdf1a63000 	C:\WINDOWS\System32\ADVAPI32.dll
0x00007ffdf1a70000 - 0x00007ffdf1b07000 	C:\WINDOWS\System32\sechost.dll
0x00007ffdf10b0000 - 0x00007ffdf10b8000 	C:\WINDOWS\System32\PSAPI.DLL
0x00007ffdd81d0000 - 0x00007ffdd81d9000 	C:\WINDOWS\SYSTEM32\WSOCK32.dll
0x00007ffdf1fa0000 - 0x00007ffdf200f000 	C:\WINDOWS\System32\WS2_32.dll
0x00007ffdeb1c0000 - 0x00007ffdeb1e4000 	C:\WINDOWS\SYSTEM32\WINMM.dll
0x00007ffdece60000 - 0x00007ffdece6a000 	C:\WINDOWS\SYSTEM32\VERSION.dll
0x00007ffdeb190000 - 0x00007ffdeb1bd000 	C:\WINDOWS\SYSTEM32\WINMMBASE.dll
0x00007ffdf05c0000 - 0x00007ffdf060a000 	C:\WINDOWS\System32\cfgmgr32.dll
0x00007ffdef790000 - 0x00007ffdef7a1000 	C:\WINDOWS\System32\kernel.appcore.dll
0x00007ffde2240000 - 0x00007ffde2251000 	C:\Program Files\JetBrains\PyCharm 2019.3.4\jbr\bin\verify.dll
0x00007ffdef2a0000 - 0x00007ffdef494000 	C:\WINDOWS\SYSTEM32\DBGHELP.DLL
0x00007ffdef010000 - 0x00007ffdef03a000 	C:\WINDOWS\SYSTEM32\dbgcore.DLL
0x00007ffde1fd0000 - 0x00007ffde1ff9000 	C:\Program Files\JetBrains\PyCharm 2019.3.4\jbr\bin\java.dll
0x00007ffdd8eb0000 - 0x00007ffdd8ec8000 	C:\Program Files\JetBrains\PyCharm 2019.3.4\jbr\bin\zip.dll
0x00007ffde23c0000 - 0x00007ffde23cb000 	C:\Program Files\JetBrains\PyCharm 2019.3.4\jbr\bin\jimage.dll

dbghelp: loaded successfully - version: 4.0.5 - missing functions: none
symbol engine: initialized successfully - sym options: 0x614 - pdb path: .;C:\Program Files\JetBrains\PyCharm 2019.3.4\jbr\bin;C:\WINDOWS\SYSTEM32;C:\WINDOWS\WinSxS\amd64_microsoft.windows.common-controls_6595b64144ccf1df_6.0.18362.720_none_e6beb5c51314836b;C:\Program Files\JetBrains\PyCharm 2019.3.4\jbr\bin\server

VM Arguments:
java_command: com.intellij.util.ReadEnv C:\Users\daliMIKE\AppData\Local\Temp\intellij-cmd-env.1.tmp
java_class_path (initial): C:\Program Files\JetBrains\PyCharm 2019.3.4\lib\util.jar
Launcher Type: SUN_STANDARD

[Global flags]
     intx CICompilerCount                          = 3                                         {product} {ergonomic}
     uint ConcGCThreads                            = 1                                         {product} {ergonomic}
     uint G1ConcRefinementThreads                  = 4                                         {product} {ergonomic}
   size_t G1HeapRegionSize                         = 1048576                                   {product} {ergonomic}
    uintx GCDrainStackTargetSize                   = 64                                        {product} {ergonomic}
   size_t InitialHeapSize                          = 268435456                                 {product} {ergonomic}
   size_t MarkStackSize                            = 4194304                                   {product} {ergonomic}
   size_t MaxHeapSize                              = 4263510016                                {product} {ergonomic}
   size_t MinHeapDeltaBytes                        = 1048576                                   {product} {ergonomic}
    uintx NonNMethodCodeHeapSize                   = 5830732                                {pd product} {ergonomic}
    uintx NonProfiledCodeHeapSize                  = 122913754                              {pd product} {ergonomic}
    uintx ProfiledCodeHeapSize                     = 122913754                              {pd product} {ergonomic}
    uintx ReservedCodeCacheSize                    = 251658240                              {pd product} {ergonomic}
     bool SegmentedCodeCache                       = true                                      {product} {ergonomic}
     bool UseCompressedClassPointers               = true                                 {lp64_product} {ergonomic}
     bool UseCompressedOops                        = true                                 {lp64_product} {ergonomic}
     bool UseG1GC                                  = true                                      {product} {ergonomic}
     bool UseLargePagesIndividualAllocation        = false                                  {pd product} {ergonomic}

Logging:
Log output configuration:
 #0: stdout all=warning uptime,level,tags
 #1: stderr all=off uptime,level,tags

Environment Variables:
PATH=C:\Users\daliMIKE\djangoProjects\kukishop\kukishop_env\Scripts;C:\Perl64\site\bin;C:\Perl64\bin;C:\Program Files (x86)\Mail Enable\BIN;C:\WINDOWS;C:\WINDOWS\System32\Wbem;C:\WINDOWS\System32\WindowsPowerShell\v1.0\;C:\WINDOWS\system32;C:\Program Files\dotnet\;C:\WINDOWS\System32\OpenSSH\;C:\Program Files (x86)\Intel\OpenCL SDK\2.0\bin\x86;C:\Program Files (x86)\Intel\OpenCL SDK\2.0\bin\x64;%Python_Home%;%C:\Users\daliMIKE\AppData\Local\Programs\Python\Python38-32\Scripts%;C:\Program Files (x86)\Mail Enable\BIN64;C:\Program Files\Git\cmd;C:\Program Files\Git\bin;C:\Program Files (x86)\PostgreSQL\9.6\bin;C:\Program Files (x86)\PostgreSQL\9.6\lib;;C:\Program Files\Microsoft VS Code\bin;C:\Program Files\nodejs\;C:\ProgramData\chocolatey\bin;C:\Users\daliMIKE\AppData\Local\Programs\Python\Python38-32;C:\Users\daliMIKE\AppData\Local\Programs\Python\Python38-32\Scripts;C:\Program Files\JetBrains\PyCharm 2019.3.2\bin;C:\Program Files\JetBrains\PyCharm 2019.3.4\bin;C:\Program Files\heroku\bin;C:\Program Files\Git\bin;C:\Program Files\Git\cmd;C:\Program Files (x86)\PostgreSQL\9.6\lib;C:\Program Files (x86)\PostgreSQL\9.6\bin;C:\Users\daliMIKE\AppData\Roaming\npm;C:\Program Files\nodejs;C:\Users\daliMIKE\AppData\Local\GitHubDesktop\bin
USERNAME=daliMIKE
OS=Windows_NT
PROCESSOR_IDENTIFIER=Intel64 Family 6 Model 58 Stepping 9, GenuineIntel



---------------  S Y S T E M  ---------------

OS: Windows 10 , 64 bit Build 18362 (10.0.18362.329)

CPU:total 4 (initial active 4) (2 cores per cpu, 2 threads per core) family 6 model 58 stepping 9, cmov, cx8, fxsr, mmx, sse, sse2, sse3, ssse3, sse4.1, sse4.2, popcnt, avx, aes, clmul, erms, ht, tsc, tscinvbit, tscinv

Memory: 4k page, system-wide physical 16263M (8092M free)
TotalPageFile size 26344M (AvailPageFile size 128M)
current process WorkingSet (physical memory assigned to process): 9M, peak: 9M
current process commit charge ("private bytes"): 52M, peak: 308M

vm_info: OpenJDK 64-Bit Server VM (11.0.6+8-b520.43) for windows-amd64 JRE (11.0.6+8-b520.43), built on Feb  3 2020 14:18:56 by "" with MS VC++ 14.0 (VS2015)

END.
